2022-11-06 13:54:17,066 [main] INFO OrangeHRMAutomation - Loading config Properties file
2022-11-06 13:54:17,070 [main] INFO OrangeHRMAutomation - Using browser- chrome
2022-11-06 13:54:17,071 [main] INFO OrangeHRMAutomation - Getting chrome webdriver
2022-11-06 13:54:23,740 [main] INFO OrangeHRMAutomation - User lanuchs chrome browser
2022-11-06 13:54:23,755 [main] INFO OrangeHRMAutomation - Getting application URL- https://opensource-demo.orangehrmlive.com/
2022-11-06 13:54:39,972 [main] INFO OrangeHRMAutomation - Logging in application using Admin as an username and admin123 as a password
2022-11-06 13:54:40,202 [main] INFO OrangeHRMAutomation - Clicked on Login Button
2022-11-06 13:54:48,051 [main] INFO OrangeHRMAutomation - Successfully validated the Page Tile: OrangeHRM
2022-11-06 13:56:33,501 [main] INFO OrangeHRMAutomation - Loading config Properties file
2022-11-06 13:56:33,505 [main] INFO OrangeHRMAutomation - Using browser- chrome
2022-11-06 13:56:33,505 [main] INFO OrangeHRMAutomation - Getting chrome webdriver
2022-11-06 13:56:38,409 [main] INFO OrangeHRMAutomation - User lanuchs chrome browser
2022-11-06 13:56:38,416 [main] INFO OrangeHRMAutomation - Getting application URL- https://opensource-demo.orangehrmlive.com/
2022-11-06 13:56:48,251 [main] INFO OrangeHRMAutomation - Logging in application using Admin as an username and admin123 as a password
2022-11-06 13:56:48,340 [main] INFO OrangeHRMAutomation - Clicked on Login Button
2022-11-06 13:56:49,898 [main] INFO OrangeHRMAutomation - Successfully validated the Page Tile: OrangeHRM
2022-11-06 14:08:01,709 [main] INFO OrangeHRMAutomation - Loading config Properties file
2022-11-06 14:08:01,713 [main] INFO OrangeHRMAutomation - Using browser- chrome
2022-11-06 14:08:01,714 [main] INFO OrangeHRMAutomation - Getting chrome webdriver
2022-11-06 14:08:07,082 [main] INFO OrangeHRMAutomation - User lanuchs chrome browser
2022-11-06 14:08:07,089 [main] INFO OrangeHRMAutomation - Getting application URL- https://opensource-demo.orangehrmlive.com/
2022-11-06 14:08:12,986 [main] INFO OrangeHRMAutomation - Logging in application using Admin as an username and admin123 as a password
2022-11-06 14:08:13,115 [main] INFO OrangeHRMAutomation - Clicked on Login Button
2022-11-06 14:08:15,578 [main] INFO OrangeHRMAutomation - Successfully validated the Page Tile: OrangeHRM
2022-11-06 14:08:16,522 [main] INFO OrangeHRMAutomation - User clicked on My Profile icon
2022-11-06 14:08:18,119 [main] INFO OrangeHRMAutomation - logging out of an Application
2022-11-06 14:08:19,377 [main] INFO OrangeHRMAutomation - Closing browser
2022-11-06 15:44:04,680 [main] INFO OrangeHRMAutomation - Loading config Properties file
2022-11-06 15:44:04,685 [main] INFO OrangeHRMAutomation - Using browser- chrome
2022-11-06 15:44:04,685 [main] INFO OrangeHRMAutomation - Getting chrome webdriver
2022-11-06 15:44:09,719 [main] INFO OrangeHRMAutomation - User lanuchs chrome browser
2022-11-06 15:44:09,732 [main] INFO OrangeHRMAutomation - Getting application URL- https://opensource-demo.orangehrmlive.com/
2022-11-06 15:44:16,400 [main] INFO OrangeHRMAutomation - Logging in application using Admin as an username and admin123 as a password
2022-11-06 15:44:16,550 [main] INFO OrangeHRMAutomation - Clicked on Login Button
2022-11-06 15:44:17,718 [main] INFO OrangeHRMAutomation - Successfully validated the Page Tile: OrangeHRM
2022-11-06 15:44:18,162 [main] INFO OrangeHRMAutomation - User clicked on My Profile icon
2022-11-06 15:44:19,742 [main] INFO OrangeHRMAutomation - logging out of an Application
2022-11-06 15:44:36,023 [main] INFO OrangeHRMAutomation - Closing browser
2022-11-06 16:16:16,047 [main] INFO OrangeHRMAutomation - Loading config Properties file
2022-11-06 16:16:16,051 [main] INFO OrangeHRMAutomation - Using browser- chrome
2022-11-06 16:16:16,052 [main] INFO OrangeHRMAutomation - Getting chrome webdriver
2022-11-06 16:16:20,814 [main] INFO OrangeHRMAutomation - Loading config Properties file
2022-11-06 16:16:20,815 [main] INFO OrangeHRMAutomation - Using browser- chrome
2022-11-06 16:16:20,815 [main] INFO OrangeHRMAutomation - Getting chrome webdriver
2022-11-06 16:20:16,328 [main] INFO OrangeHRMAutomation - Loading config Properties file
2022-11-06 16:20:16,333 [main] INFO OrangeHRMAutomation - Using browser- chrome
2022-11-06 16:20:16,333 [main] INFO OrangeHRMAutomation - Getting chrome webdriver
2022-11-06 16:25:10,651 [main] INFO OrangeHRMAutomation - Loading config Properties file
2022-11-06 16:25:10,657 [main] INFO OrangeHRMAutomation - Using browser- chrome
2022-11-06 16:25:10,658 [main] INFO OrangeHRMAutomation - Getting chrome webdriver
2022-11-06 16:33:24,442 [main] INFO OrangeHRMAutomation - Loading config Properties file
2022-11-06 16:33:24,446 [main] INFO OrangeHRMAutomation - Using browser- chrome
2022-11-06 16:33:24,446 [main] INFO OrangeHRMAutomation - Getting chrome webdriver
2022-11-06 16:33:36,217 [main] INFO OrangeHRMAutomation - Launchied an application Url: using https://www.amazon.in/
2022-11-06 16:36:43,172 [main] INFO OrangeHRMAutomation - Loading config Properties file
2022-11-06 16:36:43,177 [main] INFO OrangeHRMAutomation - Using browser- chrome
2022-11-06 16:36:43,177 [main] INFO OrangeHRMAutomation - Getting chrome webdriver
2022-11-06 16:36:57,223 [main] INFO OrangeHRMAutomation - Launchied an application Url: using https://www.amazon.in/
2022-11-06 16:37:01,543 [main] INFO OrangeHRMAutomation - Click on SignIn
2022-11-06 16:37:01,593 [main] INFO OrangeHRMAutomation - Sign In Page displayed
2022-11-06 16:37:01,696 [main] INFO OrangeHRMAutomation - User enterd user name as  : 7093348874
2022-11-06 16:37:02,652 [main] INFO OrangeHRMAutomation - User clicked on Continue button
2022-11-06 16:37:02,723 [main] INFO OrangeHRMAutomation - User enterd Password as  : Jagan@007
2022-11-06 16:39:31,390 [main] INFO OrangeHRMAutomation - Loading config Properties file
2022-11-06 16:39:31,440 [main] INFO OrangeHRMAutomation - Using browser- chrome
2022-11-06 16:39:31,440 [main] INFO OrangeHRMAutomation - Getting chrome webdriver
2022-11-06 16:39:39,833 [main] INFO OrangeHRMAutomation - Launchied an application Url: using https://www.amazon.in/
2022-11-06 16:39:42,448 [main] INFO OrangeHRMAutomation - Click on SignIn
2022-11-06 16:39:42,485 [main] INFO OrangeHRMAutomation - Sign In Page displayed
2022-11-06 16:39:42,575 [main] INFO OrangeHRMAutomation - User enterd user name as  : 7093348874
2022-11-06 16:39:43,765 [main] INFO OrangeHRMAutomation - User clicked on Continue button
2022-11-06 16:39:43,835 [main] INFO OrangeHRMAutomation - User enterd Password as  : Jagan@007
2022-11-06 16:47:17,917 [main] INFO OrangeHRMAutomation - Loading config Properties file
2022-11-06 16:47:17,924 [main] INFO OrangeHRMAutomation - Using browser- chrome
2022-11-06 16:47:17,924 [main] INFO OrangeHRMAutomation - Getting chrome webdriver
2022-11-06 16:47:27,660 [main] INFO OrangeHRMAutomation - Launchied an application Url: using https://www.amazon.in/
2022-11-06 16:47:29,272 [main] INFO OrangeHRMAutomation - Click on SignIn
2022-11-06 16:47:29,375 [main] INFO OrangeHRMAutomation - Sign In Page displayed
2022-11-06 16:47:29,481 [main] INFO OrangeHRMAutomation - User enterd user name as  : 7093348874
2022-11-06 16:47:31,847 [main] INFO OrangeHRMAutomation - User clicked on Continue button
2022-11-06 16:47:31,921 [main] INFO OrangeHRMAutomation - User enterd Password as  : Jagan@007
2022-11-06 17:04:59,154 [main] INFO OrangeHRMAutomation - Loading config Properties file
2022-11-06 17:04:59,160 [main] INFO OrangeHRMAutomation - Using browser- chrome
2022-11-06 17:04:59,160 [main] INFO OrangeHRMAutomation - Getting chrome webdriver
2022-11-06 17:05:10,374 [main] INFO OrangeHRMAutomation - Launchied an application Url: using https://www.amazon.in/
2022-11-06 17:05:14,279 [main] INFO OrangeHRMAutomation - Click on SignIn
2022-11-06 17:05:14,381 [main] INFO OrangeHRMAutomation - Sign In Page displayed
2022-11-06 17:05:14,833 [main] INFO OrangeHRMAutomation - User enterd user name as  : 7093348874
2022-11-06 17:05:15,815 [main] INFO OrangeHRMAutomation - User clicked on Continue button
2022-11-06 17:05:15,925 [main] INFO OrangeHRMAutomation - User enterd Password as  : Jagan@007
2022-11-06 17:09:36,831 [main] INFO OrangeHRMAutomation - Loading config Properties file
2022-11-06 17:09:36,836 [main] INFO OrangeHRMAutomation - Using browser- chrome
2022-11-06 17:09:36,836 [main] INFO OrangeHRMAutomation - Getting chrome webdriver
2022-11-06 17:09:52,859 [main] INFO OrangeHRMAutomation - Launchied an application Url: using https://www.amazon.in/
2022-11-06 17:09:57,796 [main] INFO OrangeHRMAutomation - Click on SignIn
2022-11-06 17:09:57,938 [main] INFO OrangeHRMAutomation - Sign In Page displayed
2022-11-06 17:09:58,406 [main] INFO OrangeHRMAutomation - User enterd user name as  : 7093348874
2022-11-06 17:09:59,346 [main] INFO OrangeHRMAutomation - User clicked on Continue button
2022-11-06 17:09:59,427 [main] INFO OrangeHRMAutomation - User enterd Password as  : Jagan@007
2022-11-06 17:20:08,528 [main] INFO OrangeHRMAutomation - Loading config Properties file
2022-11-06 17:20:08,533 [main] INFO OrangeHRMAutomation - Using browser- chrome
2022-11-06 17:20:08,534 [main] INFO OrangeHRMAutomation - Getting chrome webdriver
2022-11-06 17:20:16,479 [main] INFO OrangeHRMAutomation - Launchied an application Url: using https://www.amazon.in/
2022-11-06 17:20:19,871 [main] INFO OrangeHRMAutomation - Click on SignIn
2022-11-06 17:20:20,069 [main] INFO OrangeHRMAutomation - Sign In Page displayed
2022-11-06 17:20:20,487 [main] INFO OrangeHRMAutomation - User enterd user name as  : 7093348874
2022-11-06 17:20:23,125 [main] INFO OrangeHRMAutomation - User clicked on Continue button
2022-11-06 17:20:23,212 [main] INFO OrangeHRMAutomation - User enterd Password as  : Jagan@007
2022-11-06 21:34:01,726 [main] INFO OrangeHRMAutomation - Loading config Properties file
2022-11-06 21:34:01,791 [main] INFO OrangeHRMAutomation - Using browser- chrome
2022-11-06 21:34:01,791 [main] INFO OrangeHRMAutomation - Getting chrome webdriver
2022-11-06 21:34:15,260 [main] INFO OrangeHRMAutomation - Launched an application Url: using https://www.amazon.in/
2022-11-06 21:34:18,577 [main] INFO OrangeHRMAutomation - Click on SignIn
2022-11-06 21:34:18,743 [main] INFO OrangeHRMAutomation - Sign In Page displayed
2022-11-06 21:34:18,872 [main] INFO OrangeHRMAutomation - User enterd user name as  : 7093348874
2022-11-06 21:34:20,613 [main] INFO OrangeHRMAutomation - User clicked on Continue button
2022-11-06 21:34:20,698 [main] INFO OrangeHRMAutomation - User enterd Password as  : Jagan@007
2022-11-07 12:07:58,597 [main] INFO OrangeHRMAutomation - Loading config Properties file
2022-11-07 12:07:58,623 [main] INFO OrangeHRMAutomation - Using browser- chrome
2022-11-07 12:07:58,623 [main] INFO OrangeHRMAutomation - Getting chrome webdriver
2022-11-07 12:08:05,887 [main] INFO OrangeHRMAutomation - User lanuchs chrome browser
2022-11-07 12:08:05,893 [main] INFO OrangeHRMAutomation - Getting application URL- https://opensource-demo.orangehrmlive.com/
2022-11-07 12:08:11,754 [main] INFO OrangeHRMAutomation - Logging in application using Admin as an username and admin123 as a password
2022-11-07 12:08:11,911 [main] INFO OrangeHRMAutomation - Clicked on Login Button
2022-11-07 12:08:13,793 [main] INFO OrangeHRMAutomation - Successfully validated the Page Tile: OrangeHRM
2022-11-07 12:08:14,610 [main] INFO OrangeHRMAutomation - User clicked on My Profile icon
2022-11-07 12:08:16,349 [main] INFO OrangeHRMAutomation - logging out of an Application
2022-11-07 12:08:16,628 [main] INFO OrangeHRMAutomation - Closing browser
2022-11-07 12:14:36,709 [main] INFO OrangeHRMAutomation - Loading config Properties file
2022-11-07 12:14:36,714 [main] INFO OrangeHRMAutomation - Using browser- chrome
2022-11-07 12:14:36,714 [main] INFO OrangeHRMAutomation - Getting chrome webdriver
2022-11-07 12:14:49,085 [main] INFO OrangeHRMAutomation - Launched an application Url: using https://www.amazon.in/
2022-11-07 12:14:51,253 [main] INFO OrangeHRMAutomation - Click on SignIn
2022-11-07 12:14:51,359 [main] INFO OrangeHRMAutomation - Sign In Page displayed
2022-11-07 12:14:51,465 [main] INFO OrangeHRMAutomation - User enterd user name as  : 7093348874
2022-11-07 12:14:52,402 [main] INFO OrangeHRMAutomation - User clicked on Continue button
2022-11-07 12:14:52,500 [main] INFO OrangeHRMAutomation - User enterd Password as  : Jagan@007
2022-11-07 12:21:31,388 [main] INFO OrangeHRMAutomation - Loading config Properties file
2022-11-07 12:21:31,395 [main] INFO OrangeHRMAutomation - Using browser- chrome
2022-11-07 12:21:31,395 [main] INFO OrangeHRMAutomation - Getting chrome webdriver
2022-11-07 12:21:31,494 [main] INFO OrangeHRMAutomation - Loading config Properties file
2022-11-07 12:21:31,502 [main] INFO OrangeHRMAutomation - Using browser- chrome
2022-11-07 12:21:31,503 [main] INFO OrangeHRMAutomation - Getting chrome webdriver
2022-11-07 12:21:46,686 [main] INFO OrangeHRMAutomation - Launched an application Url: using https://www.amazon.in/
2022-11-07 12:21:47,243 [main] INFO OrangeHRMAutomation - Launched an application Url: using https://www.amazon.in/
2022-11-07 12:21:50,048 [main] INFO OrangeHRMAutomation - Click on SignIn
2022-11-07 12:21:50,163 [main] INFO OrangeHRMAutomation - Sign In Page displayed
2022-11-07 12:21:50,289 [main] INFO OrangeHRMAutomation - User enterd user name as  : 7093348874
2022-11-07 12:21:52,597 [main] INFO OrangeHRMAutomation - User clicked on Continue button
2022-11-07 12:21:52,752 [main] INFO OrangeHRMAutomation - User enterd Password as  : Jagan@007
2022-11-07 12:21:52,793 [main] INFO OrangeHRMAutomation - Click on SignIn
2022-11-07 12:21:52,971 [main] INFO OrangeHRMAutomation - Sign In Page displayed
2022-11-07 12:21:53,148 [main] INFO OrangeHRMAutomation - User enterd user name as  : 7093348874
2022-11-07 12:21:54,381 [main] INFO OrangeHRMAutomation - User clicked on Continue button
2022-11-07 12:21:54,527 [main] INFO OrangeHRMAutomation - User enterd Password as  : Jagan@007
2022-11-07 13:12:54,657 [main] INFO OrangeHRMAutomation - Loading config Properties file
2022-11-07 13:12:54,661 [main] INFO OrangeHRMAutomation - Using browser- chrome
2022-11-07 13:12:54,662 [main] INFO OrangeHRMAutomation - Getting chrome webdriver
2022-11-07 13:13:08,939 [main] INFO OrangeHRMAutomation - Launched an application Url: using https://www.amazon.in/
2022-11-07 13:13:12,236 [main] INFO OrangeHRMAutomation - Click on SignIn
2022-11-07 13:13:12,359 [main] INFO OrangeHRMAutomation - Sign In Page displayed
2022-11-07 13:13:12,844 [main] INFO OrangeHRMAutomation - User enterd user name as  : 7093348874
2022-11-07 13:13:13,827 [main] INFO OrangeHRMAutomation - User clicked on Continue button
2022-11-07 13:13:13,913 [main] INFO OrangeHRMAutomation - User enterd Password as  : Jagan@007
2022-11-07 13:13:30,778 [main] INFO OrangeHRMAutomation - Loading config Properties file
2022-11-07 13:13:30,778 [main] INFO OrangeHRMAutomation - Using browser- chrome
2022-11-07 13:13:30,779 [main] INFO OrangeHRMAutomation - Getting chrome webdriver
2022-11-07 13:13:43,548 [main] INFO OrangeHRMAutomation - Launched an application Url: using https://www.amazon.in/
2022-11-07 13:13:45,359 [main] INFO OrangeHRMAutomation - Click on SignIn
2022-11-07 13:13:45,394 [main] INFO OrangeHRMAutomation - Sign In Page displayed
2022-11-07 13:13:45,544 [main] INFO OrangeHRMAutomation - User enterd user name as  : 7093348874
2022-11-07 13:13:46,707 [main] INFO OrangeHRMAutomation - User clicked on Continue button
2022-11-07 13:13:46,804 [main] INFO OrangeHRMAutomation - User enterd Password as  : Jagan@007
2022-11-07 13:14:01,621 [main] INFO OrangeHRMAutomation - Loading config Properties file
2022-11-07 13:14:01,621 [main] INFO OrangeHRMAutomation - Using browser- chrome
2022-11-07 13:14:01,622 [main] INFO OrangeHRMAutomation - Getting chrome webdriver
2022-11-08 11:26:59,721 [main] INFO OrangeHRMAutomation - Loading config Properties file
2022-11-08 11:26:59,726 [main] INFO OrangeHRMAutomation - Using browser- chrome
2022-11-08 11:26:59,727 [main] INFO OrangeHRMAutomation - Getting chrome webdriver
2022-11-08 11:27:11,355 [main] INFO OrangeHRMAutomation - Launched an application Url: using https://www.amazon.in/
2022-11-08 11:27:13,555 [main] INFO OrangeHRMAutomation - Click on SignIn
2022-11-08 11:27:13,647 [main] INFO OrangeHRMAutomation - Sign In Page displayed
2022-11-08 11:27:13,745 [main] INFO OrangeHRMAutomation - User enterd user name as  : 7093348874
2022-11-08 11:27:15,042 [main] INFO OrangeHRMAutomation - User clicked on Continue button
2022-11-08 11:27:15,126 [main] INFO OrangeHRMAutomation - User enterd Password as  : Jagan@007
2022-11-08 11:27:28,310 [main] INFO OrangeHRMAutomation - Loading config Properties file
2022-11-08 11:27:28,310 [main] INFO OrangeHRMAutomation - Using browser- chrome
2022-11-08 11:27:28,311 [main] INFO OrangeHRMAutomation - Getting chrome webdriver
2022-11-08 11:27:44,297 [main] INFO OrangeHRMAutomation - Launched an application Url: using https://www.amazon.in/
2022-11-08 11:27:45,866 [main] INFO OrangeHRMAutomation - Click on SignIn
2022-11-08 11:27:45,895 [main] INFO OrangeHRMAutomation - Sign In Page displayed
2022-11-08 11:27:46,000 [main] INFO OrangeHRMAutomation - User enterd user name as  : 7093348874
2022-11-08 11:27:47,285 [main] INFO OrangeHRMAutomation - User clicked on Continue button
2022-11-08 11:27:47,364 [main] INFO OrangeHRMAutomation - User enterd Password as  : Jagan@007
2022-11-08 11:28:03,100 [main] INFO OrangeHRMAutomation - Loading config Properties file
2022-11-08 11:28:03,101 [main] INFO OrangeHRMAutomation - Using browser- chrome
2022-11-08 11:28:03,102 [main] INFO OrangeHRMAutomation - Getting chrome webdriver
2022-11-08 11:28:19,094 [main] INFO OrangeHRMAutomation - Launched an application Url: using https://www.amazon.in/
2022-11-08 11:28:20,613 [main] INFO OrangeHRMAutomation - Click on SignIn
2022-11-08 11:28:20,640 [main] INFO OrangeHRMAutomation - Sign In Page displayed
2022-11-08 11:28:20,727 [main] INFO OrangeHRMAutomation - User enterd user name as  : 7093348874
2022-11-08 11:28:22,183 [main] INFO OrangeHRMAutomation - User clicked on Continue button
2022-11-08 11:28:22,253 [main] INFO OrangeHRMAutomation - User enterd Password as  : Jagan@007
2022-11-09 12:44:57,542 [main] INFO OrangeHRMAutomation - Loading config Properties file
2022-11-09 12:44:57,643 [main] INFO OrangeHRMAutomation - Using browser- chrome
2022-11-09 12:44:57,643 [main] INFO OrangeHRMAutomation - Getting chrome webdriver
2022-11-09 12:45:12,892 [main] INFO OrangeHRMAutomation - Launched an application Url: using https://uat.capitalmonitor.ai/
2022-11-09 12:45:45,769 [main] INFO OrangeHRMAutomation - Loading config Properties file
2022-11-09 12:45:45,773 [main] INFO OrangeHRMAutomation - Using browser- chrome
2022-11-09 12:45:45,773 [main] INFO OrangeHRMAutomation - Getting chrome webdriver
2022-11-09 12:45:58,698 [main] INFO OrangeHRMAutomation - Launched an application Url: using https://uat.capitalmonitor.ai/
2022-11-09 12:46:52,808 [main] INFO OrangeHRMAutomation - Loading config Properties file
2022-11-09 12:46:52,812 [main] INFO OrangeHRMAutomation - Using browser- chrome
2022-11-09 12:46:52,813 [main] INFO OrangeHRMAutomation - Getting chrome webdriver
2022-11-09 12:47:06,592 [main] INFO OrangeHRMAutomation - Launched an application Url: using https://uat.capitalmonitor.ai/
2022-11-09 12:47:43,378 [main] INFO OrangeHRMAutomation - Loading config Properties file
2022-11-09 12:47:43,385 [main] INFO OrangeHRMAutomation - Using browser- chrome
2022-11-09 12:47:43,386 [main] INFO OrangeHRMAutomation - Getting chrome webdriver
2022-11-09 12:47:59,629 [main] INFO OrangeHRMAutomation - Launched an application Url: using https://uat.capitalmonitor.ai/
2022-11-17 18:28:31,038 [main] INFO Amazon - Loading config Properties file
2022-11-17 18:28:31,109 [main] INFO Amazon - Using browser- chrome
2022-11-17 18:28:31,110 [main] INFO Amazon - Getting chrome webdriver
2022-11-17 18:28:49,670 [main] INFO Amazon - Launched an application Url: using https://www.amazon.in/
2022-11-17 18:28:53,722 [main] INFO Amazon - Click on SignIn
2022-11-17 18:28:54,129 [main] INFO Amazon - Sign In Page displayed
2022-11-17 18:28:54,233 [main] INFO Amazon - User enterd user name as  : 7093348874
2022-11-17 18:28:55,434 [main] INFO Amazon - User clicked on Continue button
2022-11-17 18:28:55,516 [main] INFO Amazon - User enterd Password as  : Jagan@007
2022-11-21 13:08:47,150 [main] INFO Amazon - Loading config Properties file
2022-11-21 13:08:47,300 [main] INFO Amazon - Using browser- chrome
2022-11-21 13:08:47,300 [main] INFO Amazon - Getting chrome webdriver
2022-11-21 13:08:59,385 [main] INFO Amazon - Launched an application Url: using https://www.amazon.in/
2022-11-21 13:09:01,910 [main] INFO Amazon - Click on SignIn
2022-11-21 13:09:01,956 [main] INFO Amazon - Sign In Page displayed
2022-11-21 13:09:02,046 [main] INFO Amazon - User enterd user name as  : 7093348874
2022-11-21 13:09:03,296 [main] INFO Amazon - User clicked on Continue button
2022-11-21 13:09:03,372 [main] INFO Amazon - User enterd Password as  : Jagan@007
2022-11-21 13:09:24,553 [main] INFO Amazon - Loading config Properties file
2022-11-21 13:09:24,554 [main] INFO Amazon - Using browser- chrome
2022-11-21 13:09:24,555 [main] INFO Amazon - Getting chrome webdriver
2022-11-21 13:09:25,045 [main] INFO Amazon - Loading config Properties file
2022-11-21 13:09:25,045 [main] INFO Amazon - Using browser- chrome
2022-11-21 13:09:25,046 [main] INFO Amazon - Getting chrome webdriver
2022-12-06 15:42:28,846 [main] INFO Amazon - Loading config Properties file
2022-12-06 15:42:28,951 [main] INFO Amazon - Using browser- chrome
2022-12-06 15:42:28,952 [main] INFO Amazon - Getting chrome webdriver
2022-12-06 15:42:42,121 [main] INFO Amazon - Launched an application Url: using https://www.amazon.in/
2022-12-06 15:42:44,310 [main] INFO Amazon - Click on SignIn
2022-12-06 15:42:44,815 [main] INFO Amazon - Sign In Page displayed
2022-12-06 15:42:44,925 [main] INFO Amazon - User enterd user name as  : 7093348874
2022-12-06 15:42:45,912 [main] INFO Amazon - User clicked on Continue button
2022-12-06 15:42:46,001 [main] INFO Amazon - User enterd Password as  : Jagan@007
2022-12-06 15:45:45,465 [main] INFO Amazon - Loading config Properties file
2022-12-06 15:45:45,517 [main] INFO Amazon - Using browser- chrome
2022-12-06 15:45:45,518 [main] INFO Amazon - Getting chrome webdriver
2022-12-06 15:45:57,152 [main] INFO Amazon - Launched an application Url: using https://www.amazon.in/
2022-12-06 15:45:59,196 [main] INFO Amazon - Click on SignIn
2022-12-06 15:45:59,236 [main] INFO Amazon - Sign In Page displayed
2022-12-06 15:45:59,344 [main] INFO Amazon - User enterd user name as  : 7093348874
2022-12-06 15:46:00,458 [main] INFO Amazon - User clicked on Continue button
2022-12-06 15:46:00,573 [main] INFO Amazon - User enterd Password as  : Jagan@007
2022-12-06 15:49:34,455 [main] INFO Amazon - Loading config Properties file
2022-12-06 15:49:34,462 [main] INFO Amazon - Using browser- chrome
2022-12-06 15:49:34,462 [main] INFO Amazon - Getting chrome webdriver
2022-12-06 15:49:44,155 [main] INFO Amazon - Launched an application Url: using https://www.amazon.in/
2022-12-06 15:49:46,793 [main] INFO Amazon - Click on SignIn
2022-12-06 15:49:46,832 [main] INFO Amazon - Sign In Page displayed
2022-12-06 15:49:46,976 [main] INFO Amazon - User enterd user name as  : 7093348874
2022-12-06 15:49:48,396 [main] INFO Amazon - User clicked on Continue button
2022-12-06 15:49:48,482 [main] INFO Amazon - User enterd Password as  : Jagan@007
2022-12-06 15:50:03,219 [main] INFO Amazon - Loading config Properties file
2022-12-06 15:50:03,220 [main] INFO Amazon - Using browser- chrome
2022-12-06 15:50:03,221 [main] INFO Amazon - Getting chrome webdriver
2022-12-06 15:50:07,950 [main] INFO Amazon - Launched an application Url: using https://www.amazon.in/
2022-12-06 15:50:09,626 [main] INFO Amazon - Click on SignIn
2022-12-06 15:50:09,662 [main] INFO Amazon - Sign In Page displayed
2022-12-06 15:50:09,780 [main] INFO Amazon - User enterd user name as  : 7093348874
2022-12-06 15:50:10,712 [main] INFO Amazon - User clicked on Continue button
2022-12-06 15:50:10,813 [main] INFO Amazon - User enterd Password as  : Jagan@007
2022-12-06 15:50:22,168 [main] INFO Amazon - Loading config Properties file
2022-12-06 15:50:22,169 [main] INFO Amazon - Using browser- chrome
2022-12-06 15:50:22,169 [main] INFO Amazon - Getting chrome webdriver
2022-12-06 15:50:25,483 [main] INFO Amazon - Launched an application Url: using https://www.amazon.in/
2022-12-06 15:50:27,331 [main] INFO Amazon - Click on SignIn
2022-12-06 15:50:27,362 [main] INFO Amazon - Sign In Page displayed
2022-12-06 15:50:27,471 [main] INFO Amazon - User enterd user name as  : 7093348874
2022-12-06 15:50:28,435 [main] INFO Amazon - User clicked on Continue button
2022-12-06 15:50:28,521 [main] INFO Amazon - User enterd Password as  : Jagan@007
2022-12-13 18:52:28,520 [main] INFO Amazon - Loading config Properties file
2022-12-13 18:52:28,611 [main] INFO Amazon - Using browser- chrome
2022-12-13 18:52:28,612 [main] INFO Amazon - Getting chrome webdriver
2022-12-13 18:52:50,495 [main] INFO Amazon - Loading config Properties file
2022-12-13 18:52:50,500 [main] INFO Amazon - Using browser- chrome
2022-12-13 18:52:50,501 [main] INFO Amazon - Getting chrome webdriver
2022-12-13 18:53:02,933 [main] INFO Amazon - Launched an application Url: using https://www.amazon.in/
2022-12-13 18:53:03,351 [main] INFO Amazon - Loading config Properties file
2022-12-13 18:53:03,351 [main] INFO Amazon - Using browser- chrome
2022-12-13 18:53:03,351 [main] INFO Amazon - Getting chrome webdriver
2022-12-13 18:53:03,413 [main] INFO Amazon - Loading config Properties file
2022-12-13 18:53:03,414 [main] INFO Amazon - Using browser- chrome
2022-12-13 18:53:03,414 [main] INFO Amazon - Getting chrome webdriver
2022-12-17 11:07:08,669 [main] INFO Amazon - Loading config Properties file
2022-12-17 11:07:08,715 [main] INFO Amazon - Using browser- chrome
2022-12-17 11:07:08,715 [main] INFO Amazon - Getting chrome webdriver
2022-12-17 11:07:22,299 [main] INFO Amazon - Launched an application Url: using https://www.amazon.in/
2022-12-17 11:07:24,089 [main] INFO Amazon - Click on SignIn
2022-12-17 11:07:24,148 [main] INFO Amazon - Sign In Page displayed
2022-12-17 11:07:24,263 [main] INFO Amazon - User enterd user name as  : 7093348
2022-12-17 11:08:19,910 [main] INFO Amazon - Loading config Properties file
2022-12-17 11:08:19,915 [main] INFO Amazon - Using browser- chrome
2022-12-17 11:08:19,915 [main] INFO Amazon - Getting chrome webdriver
2022-12-17 11:08:32,323 [main] INFO Amazon - Launched an application Url: using https://www.amazon.in/
2022-12-17 11:08:37,642 [main] INFO Amazon - Click on SignIn
2022-12-17 11:08:37,737 [main] INFO Amazon - Sign In Page displayed
2022-12-17 11:08:38,015 [main] INFO Amazon - User enterd user name as  : 709334874
2022-12-17 11:09:04,765 [main] INFO Amazon - Loading config Properties file
2022-12-17 11:09:04,826 [main] INFO Amazon - Using browser- chrome
2022-12-17 11:09:04,827 [main] INFO Amazon - Getting chrome webdriver
2022-12-17 11:09:15,616 [main] INFO Amazon - Launched an application Url: using https://www.amazon.in/
2022-12-17 11:09:22,761 [main] INFO Amazon - Click on SignIn
2022-12-17 11:09:22,800 [main] INFO Amazon - Sign In Page displayed
2022-12-17 11:09:22,898 [main] INFO Amazon - User enterd user name as  : 7093348874
2022-12-17 11:09:23,891 [main] INFO Amazon - User clicked on Continue button
2022-12-17 11:09:23,967 [main] INFO Amazon - User enterd Password as  : Jagan@007
2022-12-17 11:12:54,666 [main] INFO Amazon - Loading config Properties file
2022-12-17 11:12:54,671 [main] INFO Amazon - Using browser- chrome
2022-12-17 11:12:54,671 [main] INFO Amazon - Getting chrome webdriver
2022-12-17 11:13:08,786 [main] INFO Amazon - Launched an application Url: using https://www.amazon.in/
2022-12-17 11:13:11,803 [main] INFO Amazon - Click on SignIn
2022-12-17 11:13:11,852 [main] INFO Amazon - Sign In Page displayed
2022-12-17 11:13:11,971 [main] INFO Amazon - User enterd user name as  : 7093348874
2022-12-17 11:13:13,065 [main] INFO Amazon - User clicked on Continue button
2022-12-17 11:13:13,178 [main] INFO Amazon - User enterd Password as  : Jagan@007
2022-12-17 11:13:28,971 [main] INFO Amazon - Loading config Properties file
2022-12-17 11:13:28,972 [main] INFO Amazon - Using browser- chrome
2022-12-17 11:13:28,972 [main] INFO Amazon - Getting chrome webdriver
2022-12-17 11:13:35,029 [main] INFO Amazon - Launched an application Url: using https://www.amazon.in/
2022-12-17 11:13:36,780 [main] INFO Amazon - Click on SignIn
2022-12-17 11:13:36,807 [main] INFO Amazon - Sign In Page displayed
2022-12-17 11:13:36,906 [main] INFO Amazon - User enterd user name as  : 7093348874
2022-12-17 11:13:37,961 [main] INFO Amazon - User clicked on Continue button
2022-12-17 11:13:38,106 [main] INFO Amazon - User enterd Password as  : Jagan@007
2022-12-17 11:13:48,542 [main] INFO Amazon - Loading config Properties file
2022-12-17 11:13:48,543 [main] INFO Amazon - Using browser- chrome
2022-12-17 11:13:48,543 [main] INFO Amazon - Getting chrome webdriver
2022-12-17 11:13:54,984 [main] INFO Amazon - Launched an application Url: using https://www.amazon.in/
2022-12-17 11:13:56,059 [main] INFO Amazon - Click on SignIn
2022-12-17 11:13:56,087 [main] INFO Amazon - Sign In Page displayed
2022-12-17 11:13:56,176 [main] INFO Amazon - User enterd user name as  : 7093348874
2022-12-17 11:13:57,032 [main] INFO Amazon - User clicked on Continue button
2022-12-17 11:13:57,105 [main] INFO Amazon - User enterd Password as  : Jagan@007
2023-01-26 11:15:58,867 [main] INFO Amazon - Loading config Properties file
2023-01-26 11:15:58,908 [main] INFO Amazon - Using browser- chrome
2023-01-26 11:15:58,909 [main] INFO Amazon - Getting chrome webdriver
2023-01-26 11:18:39,749 [main] INFO Amazon - Loading config Properties file
2023-01-26 11:18:39,807 [main] INFO Amazon - Using browser- chrome
2023-01-26 11:18:39,807 [main] INFO Amazon - Getting chrome webdriver
2023-01-26 12:19:01,898 [main] INFO Amazon - Loading config Properties file
2023-01-26 12:19:01,961 [main] INFO Amazon - Using browser- chrome
2023-01-26 12:19:01,961 [main] INFO Amazon - Getting chrome webdriver
2023-01-26 12:19:11,435 [main] INFO Amazon - Launched an application Url: using https://www.amazon.in/
2023-01-26 12:19:15,783 [main] INFO Amazon - Click on SignIn
2023-01-26 12:19:15,825 [main] INFO Amazon - Sign In Page displayed
2023-01-26 12:19:15,928 [main] INFO Amazon - User enterd user name as  : 7093348874
2023-01-26 12:19:17,651 [main] INFO Amazon - User clicked on Continue button
2023-01-26 12:19:17,727 [main] INFO Amazon - User enterd Password as  : Jagan@007
2023-01-26 12:24:09,612 [main] INFO Amazon - Loading config Properties file
2023-01-26 12:24:09,617 [main] INFO Amazon - Using browser- chrome
2023-01-26 12:24:09,617 [main] INFO Amazon - Getting chrome webdriver
2023-01-26 12:24:21,328 [main] INFO Amazon - Launched an application Url: using https://www.amazon.in/
2023-01-26 12:24:27,539 [main] INFO Amazon - Click on SignIn
2023-01-26 12:24:27,584 [main] INFO Amazon - Sign In Page displayed
2023-01-26 12:24:27,681 [main] INFO Amazon - User enterd user name as  : 7093348874
2023-01-26 12:24:28,579 [main] INFO Amazon - User clicked on Continue button
2023-01-26 12:24:28,651 [main] INFO Amazon - User enterd Password as  : Jagan@007
2023-02-10 12:22:26,223 [main] INFO Amazon - Loading config Properties file
2023-02-10 12:22:26,350 [main] INFO Amazon - Using browser- chrome
2023-02-10 12:22:26,350 [main] INFO Amazon - Getting chrome webdriver
2023-02-10 12:22:39,792 [main] INFO Amazon - Launched an application Url: using https://www.amazon.in/
2023-02-10 12:22:43,377 [main] INFO Amazon - Click on SignIn
2023-02-10 12:22:43,850 [main] INFO Amazon - Sign In Page displayed
2023-02-10 12:22:44,003 [main] INFO Amazon - User enterd user name as  : 7093348874
2023-02-10 12:22:45,021 [main] INFO Amazon - User clicked on Continue button
2023-02-10 12:22:45,130 [main] INFO Amazon - User enterd Password as  : Jagan@007
2023-02-16 00:16:49,519 [main] INFO Amazon - Loading config Properties file
2023-02-16 00:16:49,558 [main] INFO Amazon - Using browser- chrome
2023-02-16 00:16:49,559 [main] INFO Amazon - Getting chrome webdriver
2023-02-16 00:21:42,215 [main] INFO Amazon - Loading config Properties file
2023-02-16 00:21:42,220 [main] INFO Amazon - Using browser- chrome
2023-02-16 00:21:42,220 [main] INFO Amazon - Getting chrome webdriver
2023-02-16 00:21:59,882 [main] INFO Amazon - Launched an application Url: using https://www.amazon.in/
2023-02-16 00:22:07,399 [main] INFO Amazon - Click on SignIn
2023-02-16 00:22:07,440 [main] INFO Amazon - Sign In Page displayed
2023-02-16 00:22:08,094 [main] INFO Amazon - User enterd user name as  : 7093348874
2023-02-16 00:22:12,954 [main] INFO Amazon - User clicked on Continue button
2023-02-16 00:22:13,301 [main] INFO Amazon - User enterd Password as  : Jagan@007
